<?xml version="1.0" encoding="UTF-8"?>
<!-- Generated by org.testng.reporters.JUnitReportReporter -->
<testsuite hostname="LTIN486385" failures="0" tests="2" name="TestCases.TC_001_CapturingCourseInfo" time="18.925" errors="0" timestamp="2024-04-04T11:59:00 IST" skipped="0">
  <testcase classname="TestCases.TC_001_CapturingCourseInfo" name="courseSearch" time="5.478"/>
  <testcase classname="TestCases.TC_001_CapturingCourseInfo" name="capturingCourseData" time="13.447"/>
</testsuite> <!-- TestCases.TC_001_CapturingCourseInfo -->
