<?xml version="1.0" encoding="UTF-8"?>
<!-- Generated by org.testng.reporters.JUnitReportReporter -->
<testsuite hostname="LTIN486385" failures="0" tests="2" name="TestCases.TC_003_ReadyToTransform" time="21.987" errors="0" timestamp="2024-04-08T11:28:52 IST" skipped="0">
  <testcase classname="TestCases.TC_003_ReadyToTransform" name="navigationToContactUsPage" time="18.227"/>
  <testcase classname="TestCases.TC_003_ReadyToTransform" name="fillingTheForm" time="3.760"/>
</testsuite> <!-- TestCases.TC_003_ReadyToTransform -->
