<?xml version="1.0" encoding="UTF-8"?>
<!-- Generated by org.testng.reporters.JUnitReportReporter -->
<testsuite hostname="LTIN486385" failures="0" tests="2" name="TestCases.TC_001_CapturingCourseInfo" time="16.757" errors="0" timestamp="2024-04-07T11:20:06 IST" skipped="0">
  <testcase classname="TestCases.TC_001_CapturingCourseInfo" name="courseSearch" time="7.874"/>
  <testcase classname="TestCases.TC_001_CapturingCourseInfo" name="capturingCourseData" time="8.883"/>
</testsuite> <!-- TestCases.TC_001_CapturingCourseInfo -->
