<?xml version="1.0" encoding="UTF-8"?>
<!-- Generated by org.testng.reporters.JUnitReportReporter -->
<testsuite hostname="LTIN486385" failures="0" tests="2" name="TestCases.TC_002_CapturingLanguges" time="23.174" errors="0" timestamp="2024-04-09T15:38:54 IST" skipped="0">
  <testcase classname="TestCases.TC_002_CapturingLanguges" name="exploreButtonHome" time="4.406"/>
  <testcase classname="TestCases.TC_002_CapturingLanguges" name="courseLevels" time="18.768"/>
</testsuite> <!-- TestCases.TC_002_CapturingLanguges -->
