<?xml version="1.0" encoding="UTF-8"?>
<!-- Generated by org.testng.reporters.JUnitReportReporter -->
<testsuite hostname="LTIN486385" failures="0" tests="2" name="TestCases.TC_001_CapturingCourseInfo" time="16.954" errors="0" timestamp="2024-04-08T12:24:58 IST" skipped="0">
  <testcase classname="TestCases.TC_001_CapturingCourseInfo" name="courseSearch" time="6.440"/>
  <testcase classname="TestCases.TC_001_CapturingCourseInfo" name="capturingCourseData" time="10.514"/>
</testsuite> <!-- TestCases.TC_001_CapturingCourseInfo -->
