<?xml version="1.0" encoding="UTF-8"?>
<!-- Generated by org.testng.reporters.JUnitReportReporter -->
<testsuite hostname="LTIN486385" failures="0" tests="2" name="TestCases.TC_003_ReadyToTransform" time="17.852" errors="0" timestamp="2024-04-07T11:20:06 IST" skipped="0">
  <testcase classname="TestCases.TC_003_ReadyToTransform" name="navigationToContactUsPage" time="17.009"/>
  <testcase classname="TestCases.TC_003_ReadyToTransform" name="fillingTheForm" time="0.843"/>
</testsuite> <!-- TestCases.TC_003_ReadyToTransform -->
