<?xml version="1.0" encoding="UTF-8"?>
<!-- Generated by org.testng.reporters.JUnitReportReporter -->
<testsuite hostname="LTIN486385" failures="0" tests="2" name="TestCases.TC_001_CapturingCourseInfo" time="15.254" errors="0" timestamp="2024-04-06T16:48:47 IST" skipped="0">
  <testcase classname="TestCases.TC_001_CapturingCourseInfo" name="courseSearch" time="6.084"/>
  <testcase classname="TestCases.TC_001_CapturingCourseInfo" name="capturingCourseData" time="9.170"/>
</testsuite> <!-- TestCases.TC_001_CapturingCourseInfo -->
