<?xml version="1.0" encoding="UTF-8"?>
<!-- Generated by org.testng.reporters.JUnitReportReporter -->
<testsuite hostname="LTIN486385" failures="0" tests="2" name="TestCases.TC_001_CapturingCourseInfo" time="17.083" errors="0" timestamp="2024-04-06T22:29:44 IST" skipped="0">
  <testcase classname="TestCases.TC_001_CapturingCourseInfo" name="courseSearch" time="6.449"/>
  <testcase classname="TestCases.TC_001_CapturingCourseInfo" name="capturingCourseData" time="10.634"/>
</testsuite> <!-- TestCases.TC_001_CapturingCourseInfo -->
